[16:43:39][SERVER][INFO] Server running on port 3080!
[16:43:51][ROUTER][DEBUG] URL: /api/sql/ TYPE: GET
[16:43:51][ROUTER][DEBUG] USED API MIDDLEWARE / URL: /sql/ TYPE: GET
[16:43:51][ROUTER][SUCCESS] User login, executing script
[16:43:51][SQL][VERBOSE] Get data from database
[16:45:56][SERVER][INFO] Server running on port 3080!
[16:46:27][SERVER][INFO] Server running on port 3080!
[16:46:29][ROUTER][DEBUG] URL: /api/sql/ TYPE: GET
[16:46:29][ROUTER][DEBUG] USED API MIDDLEWARE / URL: /sql/ TYPE: GET
[16:46:29][ROUTER][SUCCESS] User login, executing script
[16:46:29][SQL][VERBOSE] Get data from database
[16:46:44][SERVER][INFO] Server running on port 3080!
[16:46:49][ROUTER][DEBUG] URL: /api/sql/ TYPE: GET
[16:46:49][ROUTER][DEBUG] USED API MIDDLEWARE / URL: /sql/ TYPE: GET
[16:46:49][ROUTER][SUCCESS] User login, executing script
[16:46:49][SQL][VERBOSE] Get data from database
[16:47:29][ROUTER][DEBUG] URL: /api/sql/ TYPE: GET
[16:47:29][ROUTER][DEBUG] USED API MIDDLEWARE / URL: /sql/ TYPE: GET
[16:47:29][ROUTER][SUCCESS] User login, executing script
[16:47:29][SQL][VERBOSE] Get data from database
[16:47:30][ROUTER][DEBUG] URL: /api/sql/ TYPE: GET
[16:47:30][ROUTER][DEBUG] USED API MIDDLEWARE / URL: /sql/ TYPE: GET
[16:47:30][ROUTER][SUCCESS] User login, executing script
[16:47:30][SQL][VERBOSE] Get data from database
[16:47:31][ROUTER][DEBUG] URL: /api/sql/ TYPE: GET
[16:47:31][ROUTER][DEBUG] USED API MIDDLEWARE / URL: /sql/ TYPE: GET
[16:47:31][ROUTER][SUCCESS] User login, executing script
[16:47:31][SQL][VERBOSE] Get data from database
[16:50:56][SERVER][INFO] Server running on port 3080!
[16:51:22][SERVER][INFO] Server running on port 3080!
[16:51:29][ROUTER][DEBUG] URL: /api/sql/ TYPE: GET
[16:51:29][ROUTER][DEBUG] USED API MIDDLEWARE | URL: /sql/ TYPE: GET
[16:51:29][ROUTER][DEBUG] User login, executing script
[16:51:29][SQL][VERBOSE] Get data from database
[16:52:01][SERVER][INFO] Server running on port 3080!
[16:52:03][ROUTER][DEBUG] URL: /api/sql/ TYPE: GET
[16:52:03][ROUTER][DEBUG] Used api middleware | URL: /sql/ TYPE: GET
[16:52:03][ROUTER][DEBUG] User login, executing script
[16:52:03][SQL][VERBOSE] Get data from database
[16:53:33][SERVER][INFO] Server running on port 3080!
[16:55:26][SERVER][INFO] Server running on port 3080!
[17:01:57][SERVER][INFO] Server running on port 3080!
[17:01:59][ROUTER][DEBUG] URL: /api/sql/ TYPE: GET
[17:01:59][ROUTER][DEBUG] Used api middleware | URL: /sql/ TYPE: GET
[17:01:59][ROUTER][DEBUG] User login, executing script
[17:01:59][SQL][VERBOSE] Get data from database
[17:02:22][SERVER][INFO] Server running on port 3080!
[17:02:23][ROUTER][DEBUG] URL: /api/sql/ TYPE: GET
[17:02:23][ROUTER][DEBUG] Used api middleware | URL: /sql/ TYPE: GET
[17:02:23][ROUTER][DEBUG] User login, executing script
[17:02:23][SQL][VERBOSE] Get data from database
[17:03:19][SERVER][INFO] Server running on port 3080!
[17:03:20][ROUTER][DEBUG] URL: /api/sql/ TYPE: GET
[17:03:20][ROUTER][DEBUG] Used api middleware | URL: /sql/ TYPE: GET
[17:03:20][ROUTER][DEBUG][WARNING] User login, executing script
[17:03:20][SQL][VERBOSE] Get data from database
[17:03:32][SERVER][INFO] Server running on port 3080!
[17:03:33][ROUTER][DEBUG] URL: /api/sql/ TYPE: GET
[17:03:33][ROUTER][DEBUG] Used api middleware | URL: /sql/ TYPE: GET
[17:03:33][ROUTER][DEBUG][SUCCESS] User login, executing script
[17:03:33][SQL][VERBOSE] Get data from database
[17:03:44][SERVER][INFO] Server running on port 3080!
[17:03:46][ROUTER][DEBUG] URL: /api/sql/ TYPE: GET
[17:03:46][ROUTER][DEBUG] Used api middleware | URL: /sql/ TYPE: GET
[17:03:46][ROUTER][DEBUG][SUCCESS] User login, executing script
[17:03:51][SERVER][INFO] Server running on port 3080!
[17:03:57][SERVER][INFO] Server running on port 3080!
[17:03:58][ROUTER][DEBUG] URL: /api/sql/ TYPE: GET
[17:03:58][ROUTER][DEBUG] Used api middleware | URL: /sql/ TYPE: GET
[17:03:58][ROUTER][DEBUG][SUCCESS] User login, executing script
[17:03:58][SQL][VERBOSE] Get data from database
[17:08:15][SERVER][INFO] Server running on port 3080!
[17:08:30][ROUTER][DEBUG] URL: /ew TYPE: GET
[17:08:30][ROUTER][DEBUG] URL: /favicon.ico TYPE: GET
[17:09:16][SERVER][INFO] Server running on port 3080!
[17:09:18][ROUTER][DEBUG] URL: /ew TYPE: GET
[17:09:18][ROUTER][DEBUG][ERROR] ERROR 404, Page not found
[17:09:18][ROUTER][DEBUG] URL: /favicon.ico TYPE: GET
[17:09:18][ROUTER][DEBUG][ERROR] ERROR 404, Page not found
[17:09:34][ROUTER][DEBUG] URL: / TYPE: GET
[17:09:34][ROUTER][DEBUG] URL: /favicon.ico TYPE: GET
[17:09:34][ROUTER][DEBUG][ERROR] ERROR 404, Page not found
[17:10:04][SERVER][INFO] Server running on port 3080!
[17:11:26][SERVER][INFO] Server running on port 3080!
[17:11:31][SERVER][INFO] Server running on port 3080!
[17:11:41][SERVER][INFO] Server running on port 3080!
[17:11:45][ROUTER][DEBUG] URL: / TYPE: GET
[17:11:45][ROUTER][DEBUG] URL: /favicon.ico TYPE: GET
[17:11:45][ROUTER][DEBUG][ERROR] ERROR 404, Page not found: URL: / TYPE: GET
[17:12:13][SERVER][INFO] Server running on port 3080!
[17:12:14][ROUTER][DEBUG] URL: / TYPE: GET
[17:12:14][ROUTER][DEBUG] URL: /favicon.ico TYPE: GET
[17:12:14][ROUTER][DEBUG][ERROR] Page not found: URL: / TYPE: GET
[17:12:27][SERVER][INFO] Server running on port 3080!
[17:12:28][ROUTER][DEBUG] URL: / TYPE: GET
[17:12:29][ROUTER][DEBUG] URL: /favicon.ico TYPE: GET
[17:12:29][ROUTER][DEBUG][ERROR] PAGE NOT FOUND: URL: / TYPE: GET
[17:12:56][ROUTER][DEBUG] URL: /api/sql/ TYPE: GET
[17:12:56][ROUTER][DEBUG] Used api middleware | URL: /sql/ TYPE: GET
[17:12:56][ROUTER][DEBUG][SUCCESS] User login, executing script
[17:12:56][SQL][VERBOSE] Get data from database
[17:13:13][ROUTER][DEBUG] URL: /favicon.ico TYPE: GET
[17:13:13][ROUTER][DEBUG][ERROR] PAGE NOT FOUND: URL: / TYPE: GET
[17:13:17][ROUTER][DEBUG] URL: /ew TYPE: GET
[17:13:17][ROUTER][DEBUG][ERROR] PAGE NOT FOUND: URL: / TYPE: GET
[17:13:17][ROUTER][DEBUG] URL: /favicon.ico TYPE: GET
[17:13:17][ROUTER][DEBUG][ERROR] PAGE NOT FOUND: URL: / TYPE: GET
[17:14:35][SERVER][INFO] Server running on port 3080!
[17:14:37][ROUTER][DEBUG] URL: /ew TYPE: GET
[17:14:37][ROUTER][DEBUG][ERROR] PAGE NOT FOUND: URL: /ew TYPE: GET
[17:14:37][ROUTER][DEBUG] URL: /favicon.ico TYPE: GET
[17:14:37][ROUTER][DEBUG][ERROR] PAGE NOT FOUND: URL: /favicon.ico TYPE: GET
[17:15:13][ROUTER][DEBUG] URL: /ew TYPE: GET
[17:15:13][ROUTER][DEBUG][ERROR] PAGE NOT FOUND: URL: /ew TYPE: GET
[17:15:13][ROUTER][DEBUG] URL: /favicon.ico TYPE: GET
[17:15:13][ROUTER][DEBUG][ERROR] PAGE NOT FOUND: URL: /favicon.ico TYPE: GET
[17:15:23][ROUTER][DEBUG] URL: /api/sql/ TYPE: GET
[17:15:23][ROUTER][DEBUG] Used api middleware | URL: /sql/ TYPE: GET
[17:15:23][ROUTER][DEBUG][SUCCESS] User login, executing script
[17:15:23][SQL][VERBOSE] Get data from database
[17:17:18][SERVER][INFO] Server running on port 3080!
[17:17:21][ROUTER][DEBUG] URL: /api/sql/ TYPE: GET
[17:17:21][ROUTER][DEBUG] Used api middleware | URL: /sql/ TYPE: GET
[17:17:21][ROUTER][DEBUG][ERROR] User not login, stop script
[17:17:51][ROUTER][DEBUG] URL: /api/login/ TYPE: POST
[17:17:51][ROUTER][DEBUG] Used api middleware | URL: /login/ TYPE: POST
[17:17:51][ROUTER][DEBUG][ERROR] User not login, stop script
[17:18:03][ROUTER][DEBUG] URL: /login/ TYPE: POST
[17:18:08][ROUTER][DEBUG] URL: /api/sql/ TYPE: GET
[17:18:08][ROUTER][DEBUG] Used api middleware | URL: /sql/ TYPE: GET
[17:18:08][ROUTER][DEBUG][SUCCESS] User login, executing script
[17:18:08][SQL][VERBOSE] Get data from database
[17:20:19][SERVER][INFO] Server running on port 3080!
[17:20:25][ROUTER][DEBUG] URL: /api/sql/ TYPE: GET
[17:20:25][ROUTER][DEBUG] Used api middleware | URL: /sql/ TYPE: GET
[17:20:25][ROUTER][DEBUG][SUCCESS] User id: 1, executing script
[17:20:25][SQL][VERBOSE] Get data from database
[17:22:23][SERVER][INFO] Server running on port 3080!
[17:22:26][ROUTER][DEBUG] URL: /ew TYPE: GET
[17:22:26][ROUTER][DEBUG][ERROR] PAGE NOT FOUND: URL: /ew TYPE: GET
[17:22:26][ROUTER][DEBUG] URL: /favicon.ico TYPE: GET
[17:22:26][ROUTER][DEBUG][ERROR] PAGE NOT FOUND: URL: /favicon.ico TYPE: GET
[17:22:30][ROUTER][DEBUG] URL: /api/sql/ TYPE: GET
[17:22:30][ROUTER][DEBUG] Used api middleware | URL: /sql/ TYPE: GET
[17:22:30][ROUTER][DEBUG][SUCCESS] User authenticated, id: 1, executing script
[17:22:30][SQL][VERBOSE] Get data from database
[17:24:56][SERVER][INFO] Server running on port 3080!
[17:26:48][SERVER][INFO] Server running on port 3080!
[17:26:54][ROUTER][DEBUG] URL: /api/sql/ TYPE: GET
[17:26:54][ROUTER][DEBUG] Used api middleware | URL: /sql/ TYPE: GET
[17:26:54][ROUTER][DEBUG][SUCCESS] User authenticated, id: 1, executing script
[17:26:54][SQL][VERBOSE] Get data from database
[17:27:27][ROUTER][DEBUG] URL: /api/sql/ TYPE: GET
[17:27:27][ROUTER][DEBUG] Used api middleware | URL: /sql/ TYPE: GET
[17:27:27][LOGIN][DEBUG][ERROR] Session expired, remove cookie
[17:27:27][ROUTER][DEBUG][ERROR] User not authenticated, stop script
[17:27:35][ROUTER][DEBUG] URL: /api/sql/ TYPE: GET
[17:27:35][ROUTER][DEBUG] Used api middleware | URL: /sql/ TYPE: GET
[17:27:35][ROUTER][DEBUG][ERROR] User not authenticated, stop script
[17:27:40][ROUTER][DEBUG] URL: /login/ TYPE: POST
[17:29:24][SERVER][INFO] Server running on port 3080!
[17:29:27][ROUTER][DEBUG] URL: /login/ TYPE: POST
[17:29:33][ROUTER][DEBUG] URL: /api/sql/ TYPE: GET
[17:29:33][ROUTER][DEBUG] Used api middleware | URL: /sql/ TYPE: GET
[17:29:33][ROUTER][DEBUG][SUCCESS] User authenticated, id: 1, executing script
[17:29:33][SQL][VERBOSE] Get data from database
[17:30:35][SERVER][INFO] Server running on port 3080!
[17:31:02][SERVER][INFO] Server running on port 3080!
[17:31:11][ROUTER][DEBUG] URL: /api/sql/ TYPE: GET
[17:31:11][ROUTER][DEBUG] Used api middleware | URL: /sql/ TYPE: GET
[17:31:23][SERVER][INFO] Server running on port 3080!
[17:31:25][ROUTER][DEBUG] URL: /api/sql/ TYPE: GET
[17:31:25][ROUTER][DEBUG] Used api middleware | URL: /sql/ TYPE: GET
[17:31:25][LOGIN][DEBUG][ERROR] Session not found, remove cookie
[17:31:25][ROUTER][DEBUG][ERROR] User not authenticated, stop script
[17:31:35][ROUTER][DEBUG] URL: /api/sql/ TYPE: GET
[17:31:35][ROUTER][DEBUG] Used api middleware | URL: /sql/ TYPE: GET
[17:31:35][ROUTER][DEBUG][ERROR] User not authenticated, stop script
[17:31:39][ROUTER][DEBUG] URL: /login/ TYPE: POST
[17:31:39][LOGIN][VERBOSE][SUCCESS] Session saved as id: 129
[17:31:46][ROUTER][DEBUG] URL: /api/sql/ TYPE: GET
[17:31:46][ROUTER][DEBUG] Used api middleware | URL: /sql/ TYPE: GET
[17:31:46][ROUTER][DEBUG][SUCCESS] User authenticated, id: 1, executing script
[17:31:46][SQL][VERBOSE] Get data from database
[17:36:04][SERVER][INFO] Server running on port 3080!
[17:36:15][ROUTER][DEBUG] URL: /api/sql/ TYPE: GET
[17:36:15][ROUTER][DEBUG] Used api middleware | URL: /sql/ TYPE: GET
[17:36:15][LOGIN][DEBUG][ERROR] Session not found, remove cookie
[17:36:23][SERVER][INFO] Server running on port 3080!
[17:36:24][ROUTER][DEBUG] URL: /api/sql/ TYPE: GET
[17:36:24][ROUTER][DEBUG] Used api middleware | URL: /sql/ TYPE: GET
[17:36:24][LOGIN][DEBUG][ERROR] Session not found, remove cookie
[17:36:24][ROUTER][DEBUG][ERROR] Saved ip address: undefined
[17:36:24][ROUTER][DEBUG][ERROR] User not authenticated, stop script
[17:37:50][SERVER][INFO] Server running on port 3080!
[17:37:54][ROUTER][DEBUG] URL: /login/ TYPE: POST
[17:37:55][LOGIN][VERBOSE][SUCCESS] Session saved as id: 130
[17:37:58][ROUTER][DEBUG] URL: /api/sql/ TYPE: GET
[17:37:58][ROUTER][DEBUG] Used api middleware | URL: /sql/ TYPE: GET
[17:37:58][ROUTER][DEBUG][SUCCESS] User authenticated, id: 1, executing script
[17:37:58][SQL][VERBOSE] Get data from database
[17:38:09][ROUTER][DEBUG] URL: /api/sql/ TYPE: GET
[17:38:09][ROUTER][DEBUG] Used api middleware | URL: /sql/ TYPE: GET
[17:38:09][LOGIN][DEBUG][ERROR] Session not found, remove cookie
[17:38:09][ROUTER][DEBUG][ERROR] Saved ip address: ::1
[17:38:09][ROUTER][DEBUG][ERROR] User not authenticated, stop script
[17:38:22][ROUTER][DEBUG] URL: /api/sql/ TYPE: GET
[17:38:22][ROUTER][DEBUG] Used api middleware | URL: /sql/ TYPE: GET
[17:38:22][ROUTER][DEBUG][ERROR] User not authenticated, stop script
[17:38:58][ROUTER][DEBUG] URL: /login/ TYPE: POST
[17:38:59][LOGIN][VERBOSE][SUCCESS] Session saved as id: 131
[17:39:02][ROUTER][DEBUG] URL: /api/sql/ TYPE: GET
[17:39:02][ROUTER][DEBUG] Used api middleware | URL: /sql/ TYPE: GET
[17:39:02][ROUTER][DEBUG][SUCCESS] User authenticated, id: 1, executing script
[17:39:02][SQL][VERBOSE] Get data from database
[17:42:31][ROUTER][DEBUG] URL: /ew TYPE: GET
[17:42:31][ROUTER][DEBUG][ERROR] PAGE NOT FOUND: URL: /ew TYPE: GET
[17:42:32][ROUTER][DEBUG] URL: /favicon.ico TYPE: GET
[17:42:32][ROUTER][DEBUG][ERROR] PAGE NOT FOUND: URL: /favicon.ico TYPE: GET
[17:44:02][SERVER][INFO] Server running on port 3080!
[17:44:06][ROUTER][DEBUG] URL: /ew TYPE: GET
[17:44:06][ROUTER][DEBUG][ERROR] PAGE NOT FOUND: URL: /ew TYPE: GET
[17:44:06][ROUTER][DEBUG] URL: /favicon.ico TYPE: GET
[17:44:06][ROUTER][DEBUG][ERROR] PAGE NOT FOUND: URL: /favicon.ico TYPE: GET
[17:44:53][ROUTER][DEBUG] URL: /api/sql/ TYPE: GET
[17:44:53][ROUTER][DEBUG] Used api middleware | URL: /sql/ TYPE: GET
[17:44:53][ROUTER][DEBUG][SUCCESS] User authenticated, id: 1, executing script
[17:44:53][SQL][VERBOSE] Get data from database
[17:45:13][SERVER][INFO] Server running on port 3080!
[17:48:37][SERVER][INFO] Server running on port 3080!
[17:50:42][SERVER][INFO] Server running on port 3080!
[17:51:23][ROUTER][DEBUG] URL: /api/genpass/ TYPE: GET
[17:51:23][ROUTER][DEBUG] Used api middleware | URL: /genpass/ TYPE: GET
[17:51:23][ROUTER][DEBUG][SUCCESS] User authenticated, id: 1, executing script
[17:51:23][ROUTER][DEBUG][ERROR] PAGE NOT FOUND: URL: /api/genpass/ TYPE: GET
[17:51:39][ROUTER][DEBUG] URL: /api/genpass/ TYPE: POST
[17:51:39][ROUTER][DEBUG] Used api middleware | URL: /genpass/ TYPE: POST
[17:51:39][ROUTER][DEBUG][SUCCESS] User authenticated, id: 1, executing script
[17:51:39][genPass][DEBUG][SUCCESS] Generating hash | PASS: Qwerty1@3 HASH: $2a$10$Ye7/SnQN14fBAOxkwzEGyuthIXyv5wTNcgjTks7Onlxy7pXeGRtcG
[17:52:55][SERVER][INFO] Server running on port 3080!
[17:52:57][ROUTER][DEBUG] URL: /api/genpass/ TYPE: POST
[17:52:57][ROUTER][DEBUG] Used api middleware | URL: /genpass/ TYPE: POST
[17:52:57][ROUTER][DEBUG][SUCCESS] User authenticated, id: 1, executing script
[17:52:57][genPass][DEBUG][SUCCESS] Generating hash | HASH: $2a$10$P9Y.A81rk/9pT9hMYb/Dc.wMTaX4igDXD58LSprpkzKoM0/kVnIp.
[17:53:36][SERVER][INFO] Server running on port 3080!
[17:53:38][ROUTER][DEBUG] URL: /api/genpass/ TYPE: POST
[17:53:38][ROUTER][DEBUG] Used api middleware | URL: /genpass/ TYPE: POST
[17:53:38][ROUTER][DEBUG][SUCCESS] User authenticated, id: 1, executing script
[17:53:38][genPass][DEBUG][SUCCESS] Generating hash...
[17:53:38][genPass][DEBUG][SUCCESS] HASH: $2a$10$f7JrTIWLEmo7lw1oDb7dKOfqbfmp5Z7G3X0RMkUBR0MuuENvrgHUC
[17:54:32][ROUTER][DEBUG] URL: /api/sql/ TYPE: GET
[17:54:32][ROUTER][DEBUG] Used api middleware | URL: /sql/ TYPE: GET
[17:54:32][ROUTER][DEBUG][SUCCESS] User authenticated, id: 1, executing script
[17:54:32][SQL][VERBOSE] Get data from database
[17:54:53][ROUTER][DEBUG] URL: /login/ TYPE: POST
[17:57:45][SERVER][INFO] Server running on port 3080!
[17:58:05][ROUTER][DEBUG] URL: /api/get_user/ TYPE: GET
[17:58:05][ROUTER][DEBUG] Used api middleware | URL: /get_user/ TYPE: GET
[17:58:05][ROUTER][DEBUG][SUCCESS] User authenticated, id: 1, executing script
[17:58:18][SERVER][INFO] Server running on port 3080!
[17:59:19][SERVER][INFO] Server running on port 3080!
[17:59:21][ROUTER][DEBUG] URL: /api/get_user/ TYPE: GET
[17:59:21][ROUTER][DEBUG] Used api middleware | URL: /api/get_user/ TYPE: GET
[17:59:21][ROUTER][DEBUG][SUCCESS] User authenticated, id: 1, executing script
[18:03:42][SERVER][INFO] Server running on port 3080!
[18:03:45][ROUTER][DEBUG] URL: /api/get_user/ TYPE: GET
[18:03:45][ROUTER][DEBUG] Used api middleware | URL: /api/get_user/ TYPE: GET
[18:03:45][ROUTER][DEBUG][SUCCESS] User authenticated, id: 1, executing script
[18:03:50][ROUTER][DEBUG] URL: /login/ TYPE: POST
[18:05:19][SERVER][INFO] Server running on port 3080!
[18:05:21][ROUTER][DEBUG] URL: /login/ TYPE: POST
[18:05:21][LOGIN][DEBUG][ERROR] User already login
[18:06:06][SERVER][INFO] Server running on port 3080!
[18:06:07][ROUTER][DEBUG] URL: /login/ TYPE: POST
[18:06:07][LOGIN][DEBUG][ERROR] User already login | USER ID: 1
[18:06:18][ROUTER][DEBUG] URL: /api/get_user/ TYPE: GET
[18:06:18][ROUTER][DEBUG] Used api middleware | URL: /api/get_user/ TYPE: GET
[18:06:18][ROUTER][DEBUG][SUCCESS] User authenticated, id: 1, executing script
[18:07:02][SERVER][INFO] Server running on port 3080!
[18:07:03][ROUTER][DEBUG] URL: /api/get_user/ TYPE: GET
[18:07:03][ROUTER][DEBUG] Used api middleware
[18:07:03][ROUTER][DEBUG][SUCCESS] User authenticated, id: 1, executing script
[18:07:10][ROUTER][DEBUG] URL: /api/gen_pass/ TYPE: POST
[18:07:10][ROUTER][DEBUG] Used api middleware
[18:07:10][ROUTER][DEBUG][SUCCESS] User authenticated, id: 1, executing script
[18:07:10][genPass][DEBUG][SUCCESS] Generating hash...
[18:07:10][genPass][DEBUG][SUCCESS] HASH: $2a$10$jpoiT89MSFep3iBcB3yflu44N0zl6fZtraACTodk2oHJprUTOOlMu
[18:07:14][ROUTER][DEBUG] URL: /login/ TYPE: POST
[18:07:14][LOGIN][DEBUG][ERROR] User already login | USER ID: 1
[18:07:22][ROUTER][DEBUG] URL: /api/sql/ TYPE: GET
[18:07:22][ROUTER][DEBUG] Used api middleware
[18:07:22][ROUTER][DEBUG][SUCCESS] User authenticated, id: 1, executing script
[18:07:22][SQL][VERBOSE] Get data from database
[18:09:04][SERVER][INFO] Server running on port 3080!
[18:09:06][ROUTER][DEBUG] URL: /api/sql/ TYPE: GET
[18:09:06][ROUTER][DEBUG] Used api middleware
[18:09:06][ROUTER][DEBUG][SUCCESS] User authenticated, id: 1, executing script
[18:09:06][SQL][VERBOSE] Get data from database
[18:09:33][ROUTER][DEBUG] URL: /api/sql/ TYPE: GET
[18:09:33][ROUTER][DEBUG] Used api middleware
[18:09:33][LOGIN][DEBUG][ERROR] Session expired, remove cookie
[18:09:33][ROUTER][DEBUG][ERROR] Saved ip address: ::1
[18:09:33][ROUTER][DEBUG][ERROR] User not authenticated, stop script
[18:09:41][ROUTER][DEBUG] URL: /api/sql/ TYPE: GET
[18:09:41][ROUTER][DEBUG] Used api middleware
[18:09:41][ROUTER][DEBUG][ERROR] User not authenticated, stop script
[18:09:50][ROUTER][DEBUG] URL: /login/ TYPE: POST
[18:09:50][LOGIN][VERBOSE] Session saved as id: 132
[18:11:30][SERVER][INFO] Server running on port 3080!
[18:11:43][ROUTER][DEBUG] URL: /login/ TYPE: POST
[18:11:43][LOGIN][DEBUG][ERROR] Session not found, remove cookie
[18:11:44][LOGIN][VERBOSE] Session saved as id: 133
[18:11:58][ROUTER][DEBUG] URL: /api/sql/ TYPE: GET
[18:11:58][ROUTER][DEBUG] Used api middleware
[18:11:58][ROUTER][DEBUG][SUCCESS] User authenticated, id: 1, executing script
[18:11:58][SQL][VERBOSE] Get data from database
[18:12:10][ROUTER][DEBUG] Used api middleware
[18:12:10][ROUTER][DEBUG] URL: /api/sql/ TYPE: GET
[18:12:10][LOGIN][DEBUG][ERROR] Session not found, remove cookie
[18:12:10][ROUTER][DEBUG][ERROR] Saved ip address: ::1
[18:12:10][ROUTER][DEBUG][ERROR] User not authenticated, stop script
[18:12:18][ROUTER][DEBUG] URL: /login/ TYPE: POST
[18:12:18][LOGIN][DEBUG][ERROR] Username / Password not found
[18:12:45][SERVER][INFO] Server running on port 3080!
[18:12:46][ROUTER][DEBUG] URL: /login/ TYPE: POST
[18:12:46][LOGIN][DEBUG][ERROR] Username / Password not found
[18:13:52][SERVER][INFO] Server running on port 3080!
[18:13:53][ROUTER][DEBUG] URL: /login/ TYPE: POST
[18:13:53][LOGIN][DEBUG][ERROR] Username / Password not found
[18:14:14][ROUTER][DEBUG] URL: /login/ TYPE: POST
[18:14:14][LOGIN][DEBUG][ERROR] No data was send
[18:14:18][ROUTER][DEBUG] URL: /login/ TYPE: POST
[18:14:19][LOGIN][DEBUG][ERROR] Username / Password not found
[18:14:22][ROUTER][DEBUG] URL: /login/ TYPE: POST
[18:14:22][LOGIN][VERBOSE] Session saved as id: 134
[18:15:26][SERVER][INFO] Server running on port 3080!
[18:15:30][ROUTER][DEBUG] URL: /login/ TYPE: POST
[18:15:30][LOGIN][DEBUG][ERROR] User already login | USER ID: 1
[18:15:41][ROUTER][DEBUG] URL: /login/ TYPE: POST
[18:15:41][LOGIN][DEBUG][ERROR] Session not found, remove cookie
[18:15:41][LOGIN][DEBUG][SUCCESS] Login success | USER ID: 1
[18:15:41][LOGIN][VERBOSE] Session saved as id: 135
[18:15:51][ROUTER][DEBUG] URL: /api/sql/ TYPE: GET
[18:15:51][ROUTER][DEBUG] Used api middleware
[18:15:51][ROUTER][DEBUG][SUCCESS] User authenticated, id: 1, executing script
[18:15:51][SQL][VERBOSE] Get data from database
[18:22:05][SERVER][INFO] Server running on port 3080!
[18:22:24][SERVER][INFO] Server running on port 3080!
[18:22:27][ROUTER][DEBUG] URL: /api/sql/ TYPE: GET
[18:22:27][ROUTER][DEBUG] Used api middleware
[18:22:27][ROUTER][DEBUG][SUCCESS] User authenticated, id: 1, executing script
[18:22:27][SQL][VERBOSE] Get data from database
[18:22:39][ROUTER][DEBUG] URL: /api/sql/ TYPE: GET
[18:22:39][ROUTER][DEBUG] Used api middleware
[18:22:39][LOGIN][DEBUG][ERROR] Session not found, remove cookie
[18:22:39][ROUTER][DEBUG][ERROR] Saved ip address: ::1
[18:22:39][ROUTER][DEBUG][ERROR] User not authenticated, stop script
[18:22:44][ROUTER][DEBUG] URL: /login/ TYPE: POST
[18:22:44][LOGIN][VERBOSE] Session saved as id: 136
[18:24:30][SERVER][INFO] Server running on port 3080!
[18:24:37][ROUTER][DEBUG] URL: /login/ TYPE: POST
[18:27:05][SERVER][INFO] Server running on port 3080!
[18:27:09][ROUTER][DEBUG] URL: /login/ TYPE: POST
[18:28:32][SERVER][INFO] Server running on port 3080!
[18:28:56][SERVER][INFO] Server running on port 3080!
[18:28:59][ROUTER][DEBUG] URL: /login/ TYPE: POST
[18:29:00][LOGIN][VERBOSE] Session saved as id: 137
[18:29:39][ROUTER][DEBUG] URL: /login/ TYPE: POST
[18:29:39][LOGIN][VERBOSE] Session saved as id: 138
[18:31:44][SERVER][INFO] Server running on port 3080!
[18:31:46][ROUTER][DEBUG] URL: /login/ TYPE: POST
[18:31:47][LOGIN][VERBOSE] Session saved as id: 139
[18:31:58][ROUTER][DEBUG] URL: /api/sql/ TYPE: GET
[18:31:58][ROUTER][DEBUG] Used api middleware
[18:31:58][ROUTER][DEBUG][SUCCESS] User authenticated, id: 1, executing script
[18:31:58][SQL][VERBOSE] Get data from database
[18:32:35][SERVER][INFO] Server running on port 3080!
[18:32:37][ROUTER][DEBUG] URL: /api/sql/ TYPE: GET
[18:32:37][ROUTER][DEBUG] Used API middleware
[18:32:37][ROUTER][DEBUG][SUCCESS] User authenticated, id: 1, executing script
[18:32:37][SQL][VERBOSE] Get data from database
[18:33:10][SERVER][INFO] Server running on port: 3080
[18:34:21][ROUTER][DEBUG] URL: /api/sql/ TYPE: GET
[18:34:21][ROUTER][DEBUG] Used API middleware
[18:34:21][ROUTER][DEBUG][SUCCESS] User authenticated, id: 1, executing script
[18:34:21][SQL][VERBOSE] Get data from database
[18:35:13][SERVER][INFO] Server running on port: 3080
[18:35:33][SERVER][INFO] Server running on port: 3080
[18:36:01][SERVER][INFO] Server running on port: 3080
[18:36:04][ROUTER][DEBUG] URL: /login/ TYPE: POST
[18:36:05][LOGIN][DEBUG][ERROR] User already login | USER ID: 1
[18:36:11][ROUTER][DEBUG] URL: /api/sql/ TYPE: GET
[18:36:11][ROUTER][DEBUG] Used API middleware
[18:36:11][ROUTER][DEBUG][SUCCESS] User authenticated, id: 1, executing script
[18:36:11][SQL][VERBOSE] Get data from database
[18:36:44][SERVER][INFO] Server running on port: 3080
[18:36:45][ROUTER][DEBUG] URL: /api/sql/ TYPE: GET
[18:36:45][ROUTER][DEBUG] Used API middleware
[18:36:45][ROUTER][DEBUG][SUCCESS] User authenticated, id: 1, executing script
[18:36:45][SQL][VERBOSE] Get data from database
[18:36:57][SERVER][INFO] Server running on port: 3080
[18:41:42][ROUTER][DEBUG] URL: /ew TYPE: GET
[18:41:42][ROUTER][DEBUG][ERROR] PAGE NOT FOUND: URL: /ew TYPE: GET
[18:41:42][ROUTER][DEBUG] URL: /favicon.ico TYPE: GET
[18:41:42][ROUTER][DEBUG][ERROR] PAGE NOT FOUND: URL: /favicon.ico TYPE: GET
[18:42:01][ROUTER][DEBUG] URL: /api/sql/ TYPE: GET
[18:42:01][ROUTER][DEBUG] Used API middleware
[18:42:01][ROUTER][DEBUG][SUCCESS] User authenticated, id: 1, executing script
[18:42:01][SQL][VERBOSE] Get data from database
[18:44:02][SERVER][INFO] Server running on port: 3080
[18:45:06][SERVER][INFO] Server running on port: 3080
[18:45:10][ROUTER][DEBUG] URL: /api/sql/ TYPE: GET
[18:45:10][ROUTER][DEBUG] Used API middleware
[18:45:10][ROUTER][DEBUG][SUCCESS] User authenticated, id: 1, executing script
[18:45:10][SQL][VERBOSE] Get data from database
[18:51:20][SERVER][INFO] Server running on port: 3080
[18:51:24][ROUTER][DEBUG] URL: /api/sql/ TYPE: GET
[18:51:24][ROUTER][DEBUG] Used API middleware
[18:51:24][ROUTER][DEBUG][SUCCESS] User authenticated, id: 1, executing script
[18:51:24][SQL][VERBOSE] Get data from database
[18:51:47][SERVER][INFO] Server running on port: 3080
[18:51:49][ROUTER][DEBUG] Used API middleware
[18:51:49][ROUTER][DEBUG] URL: /api/sql/ TYPE: GET
[18:51:49][ROUTER][DEBUG][SUCCESS] User authenticated, id: 1, executing script
[18:51:49][SQL][VERBOSE] Get data from database
[18:52:02][SERVER][INFO] Server running on port: 3080
[18:52:04][ROUTER][DEBUG] Used API middleware
[18:52:04][ROUTER][DEBUG] URL: /api/sql/ TYPE: GET
[18:52:04][ROUTER][DEBUG][SUCCESS] User authenticated, id: 1, executing script
[18:52:04][SQL][VERBOSE] Get data from database
[18:54:06][SERVER][INFO] Server running on port: 3080
[18:54:41][SERVER][INFO] Server running on port: 3080
[18:54:44][ROUTER][DEBUG] URL: /api/sql/ TYPE: GET
[18:54:44][ROUTER][DEBUG] Used API middleware
[18:54:44][ROUTER][DEBUG][SUCCESS] User authenticated, id: 1, executing script
[18:54:44][SQL][VERBOSE] Get data from database
[18:56:59][SERVER][INFO] Server running on port: 3080
[18:57:01][ROUTER][DEBUG] URL: /api/sql/ TYPE: GET
[18:57:01][ROUTER][DEBUG] Used API middleware
[18:57:51][SERVER][INFO] Server running on port: 3080
[18:57:52][ROUTER][DEBUG] URL: /api/sql/ TYPE: GET
[18:57:52][ROUTER][DEBUG] Used API middleware
[18:58:14][SERVER][INFO] Server running on port: 3080
[18:58:16][ROUTER][DEBUG] URL: /api/sql/ TYPE: GET
[18:58:16][ROUTER][DEBUG] Used API middleware
[18:58:51][SERVER][INFO] Server running on port: 3080
[18:58:53][ROUTER][DEBUG] URL: /api/sql/ TYPE: GET
[18:58:53][ROUTER][DEBUG] Used API middleware
[18:59:53][SERVER][INFO] Server running on port: 3080
[18:59:55][ROUTER][DEBUG] URL: /api/sql/ TYPE: GET
[18:59:55][ROUTER][DEBUG] Used API middleware
[19:01:19][SERVER][INFO] Server running on port: 3080
[19:01:22][ROUTER][DEBUG] URL: /api/sql/ TYPE: GET
[19:01:22][ROUTER][DEBUG] Used API middleware
[19:02:24][SERVER][INFO] Server running on port: 3080
[19:02:26][ROUTER][DEBUG] URL: /api/sql/ TYPE: GET
[19:02:26][ROUTER][DEBUG] Used API middleware
[19:02:26][ROUTER][DEBUG][SUCCESS] User authenticated, id: 1, executing script
[19:02:26][SQL][VERBOSE] Get data from database
[19:03:18][SERVER][INFO] Server running on port: 3080
[19:03:20][ROUTER][DEBUG] URL: /api/sql/ TYPE: GET
[19:03:20][ROUTER][DEBUG] Used API middleware
[19:03:45][SERVER][INFO] Server running on port: 3080
[19:03:48][ROUTER][DEBUG] URL: /api/sql/ TYPE: GET
[19:03:48][ROUTER][DEBUG] Used API middleware
[19:04:19][SERVER][INFO] Server running on port: 3080
[19:04:21][ROUTER][DEBUG] URL: /api/sql/ TYPE: GET
[19:04:21][ROUTER][DEBUG] Used API middleware
[19:04:21][ROUTER][DEBUG][SUCCESS] User authenticated, id: 1, executing script
[19:04:21][SQL][VERBOSE] Get data from database
[19:04:53][SERVER][INFO] Server running on port: 3080
[19:04:55][ROUTER][DEBUG] URL: /api/sql/ TYPE: GET
[19:04:55][ROUTER][DEBUG] Used API middleware
[19:04:55][ROUTER][DEBUG][SUCCESS] User authenticated, id: 1, executing script
[19:04:55][SQL][VERBOSE] Get data from database
[19:05:17][SERVER][INFO] Server running on port: 3080
[19:05:19][ROUTER][DEBUG] URL: /api/sql/ TYPE: GET
[19:05:19][ROUTER][DEBUG] Used API middleware
[19:05:19][ROUTER][DEBUG][SUCCESS] User authenticated, id: 1, executing script
[19:05:19][SQL][VERBOSE] Get data from database
[19:07:19][SERVER][INFO] Server running on port: 3080
[19:07:21][ROUTER][DEBUG] URL: /api/sql/ TYPE: GET
[19:07:21][ROUTER][DEBUG] Used API middleware
[19:08:40][SERVER][INFO] Server running on port: 3080
[19:08:42][ROUTER][DEBUG] URL: /api/sql/ TYPE: GET
[19:08:42][ROUTER][DEBUG] Used API middleware
[19:09:13][SERVER][INFO] Server running on port: 3080
[19:09:15][ROUTER][DEBUG] URL: /api/sql/ TYPE: GET
[19:09:15][ROUTER][DEBUG] Used API middleware
[19:09:57][SERVER][INFO] Server running on port: 3080
[19:10:01][ROUTER][DEBUG] URL: /api/sql/ TYPE: GET
[19:10:01][ROUTER][DEBUG] Used API middleware
[19:10:12][SERVER][INFO] Server running on port: 3080
[19:10:21][SERVER][INFO] Server running on port: 3080
[19:10:35][SERVER][INFO] Server running on port: 3080
[19:10:58][SERVER][INFO] Server running on port: 3080
[19:12:33][SERVER][INFO] Server running on port: 3080
[19:13:03][SERVER][INFO] Server running on port: 3080
[19:13:08][SERVER][INFO] Server running on port: 3080
[19:13:18][SERVER][INFO] Server running on port: 3080
[19:14:02][SERVER][INFO] Server running on port: 3080
[19:16:58][SERVER][INFO] Server running on port: 3080
[19:18:05][SERVER][INFO] Server running on port: 3080
[19:18:08][SERVER][INFO] Server running on port: 3080
[19:18:18][SERVER][INFO] Server running on port: 3080
[19:18:33][SERVER][INFO] Server running on port: 3080
[19:18:39][ROUTER][DEBUG] URL: /api/sql/ TYPE: GET
[19:18:39][ROUTER][DEBUG] Used API middleware
[19:18:39][SEQUELIZE][DEBUG] tesrt
[19:18:39][SEQUELIZE][DEBUG] tesrt
[19:18:39][ROUTER][DEBUG][SUCCESS] User authenticated, id: 1, executing script
[19:18:39][SEQUELIZE][DEBUG] tesrt
[19:18:39][SQL][VERBOSE] Get data from database
[19:18:48][SERVER][INFO] Server running on port: 3080
[19:18:50][ROUTER][DEBUG] URL: /api/sql/ TYPE: GET
[19:18:50][ROUTER][DEBUG] Used API middleware
[19:18:50][SEQUELIZE][DEBUG] Executing (default): SELECT `user_id`, `date` FROM `login_session` AS `login_session` WHERE `login_session`.`session` = 'OsC3Q00fqhInkhk7' LIMIT 1;
[19:18:50][SEQUELIZE][DEBUG] Executing (default): SELECT `id`, `Name`, `isAdmin` FROM `users` AS `users` WHERE `users`.`id` = 1;
[19:18:50][ROUTER][DEBUG][SUCCESS] User authenticated, id: 1, executing script
[19:18:50][SEQUELIZE][DEBUG] Executing (default): SELECT `product_list`.`id`, `product_list`.`type`, `product_list`.`name`, `product_list`.`price`, `product_list`.`countable`, `product_list`.`amount`, `product_type`.`id` AS `product_type.id`, `product_type`.`type` AS `product_type.type`, `product_type`.`cash` AS `product_type.cash`, `product_type`.`use_in_bonus` AS `product_type.use_in_bonus`, `product_type`.`fixed_price` AS `product_type.fixed_price` FROM `product_list` AS `product_list` LEFT OUTER JOIN `product_type` AS `product_type` ON `product_list`.`type` = `product_type`.`id`;
[19:18:50][SQL][VERBOSE] Get data from database
[19:19:21][SERVER][INFO] Server running on port: 3080
[19:19:31][SERVER][INFO] Server running on port: 3080
[19:19:36][SERVER][INFO] Server running on port: 3080
[19:21:03][SERVER][INFO] Server running on port: 3080
[19:21:08][SERVER][INFO] Server running on port: 3080
[19:21:11][ROUTER][DEBUG] URL: /api/sql/ TYPE: GET
[19:21:11][ROUTER][DEBUG] Used API middleware
[19:21:52][SERVER][INFO] Server running on port: 3080
[19:21:53][ROUTER][DEBUG] URL: /api/sql/ TYPE: GET
[19:21:53][ROUTER][DEBUG] Used API middleware
[19:21:53][SEQUELIZE][VERBOSE] Executing (default): SELECT `user_id`, `date` FROM `login_session` AS `login_session` WHERE `login_session`.`session` = 'OsC3Q00fqhInkhk7' LIMIT 1;
[19:21:53][SEQUELIZE][VERBOSE] Executing (default): SELECT `id`, `Name`, `isAdmin` FROM `users` AS `users` WHERE `users`.`id` = 1;
[19:21:53][ROUTER][DEBUG][SUCCESS] User authenticated, id: 1, executing script
[19:21:53][SEQUELIZE][VERBOSE] Executing (default): SELECT `product_list`.`id`, `product_list`.`type`, `product_list`.`name`, `product_list`.`price`, `product_list`.`countable`, `product_list`.`amount`, `product_type`.`id` AS `product_type.id`, `product_type`.`type` AS `product_type.type`, `product_type`.`cash` AS `product_type.cash`, `product_type`.`use_in_bonus` AS `product_type.use_in_bonus`, `product_type`.`fixed_price` AS `product_type.fixed_price` FROM `product_list` AS `product_list` LEFT OUTER JOIN `product_type` AS `product_type` ON `product_list`.`type` = `product_type`.`id`;
[19:21:53][SQL][VERBOSE] Get data from database
[19:22:08][SERVER][INFO] Server running on port: 3080
[19:22:09][ROUTER][DEBUG] URL: /api/sql/ TYPE: GET
[19:22:09][ROUTER][DEBUG] Used API middleware
[19:22:09][SEQUELIZE][VERBOSE] Executing (default): SELECT `user_id`, `date` FROM `login_session` AS `login_session` WHERE `login_session`.`session` = 'OsC3Q00fqhInkhk7' LIMIT 1;
[19:22:09][SEQUELIZE][VERBOSE] Executing (default): SELECT `id`, `Name`, `isAdmin` FROM `users` AS `users` WHERE `users`.`id` = 1;
[19:22:09][ROUTER][DEBUG][SUCCESS] User authenticated, id: 1, executing script
[19:22:09][SEQUELIZE][VERBOSE] Executing (default): SELECT `product_list`.`id`, `product_list`.`type`, `product_list`.`name`, `product_list`.`price`, `product_list`.`countable`, `product_list`.`amount`, `product_type`.`id` AS `product_type.id`, `product_type`.`type` AS `product_type.type`, `product_type`.`cash` AS `product_type.cash`, `product_type`.`use_in_bonus` AS `product_type.use_in_bonus`, `product_type`.`fixed_price` AS `product_type.fixed_price` FROM `product_list` AS `product_list` LEFT OUTER JOIN `product_type` AS `product_type` ON `product_list`.`type` = `product_type`.`id`;
[19:22:09][SQL][VERBOSE] Get data from database
[19:23:18][SERVER][INFO] Server running on port: 3080
[19:23:21][SERVER][INFO] Server running on port: 3080
[19:23:22][ROUTER][DEBUG] URL: /api/sql/ TYPE: GET
[19:23:22][ROUTER][DEBUG] Used API middleware
[19:23:22][SEQUELIZE][VERBOSE] Executing (default): SELECT `user_id`, `date` FROM `login_session` AS `login_session` WHERE `login_session`.`session` = 'OsC3Q00fqhInkhk7' LIMIT 1;
[19:23:22][SEQUELIZE][VERBOSE] Executing (default): SELECT `id`, `Name`, `isAdmin` FROM `users` AS `users` WHERE `users`.`id` = 1;
[19:23:22][ROUTER][DEBUG][SUCCESS] User authenticated, id: 1, executing script
[19:23:22][SEQUELIZE][VERBOSE] Executing (default): SELECT `product_list`.`id`, `product_list`.`type`, `product_list`.`name`, `product_list`.`price`, `product_list`.`countable`, `product_list`.`amount`, `product_type`.`id` AS `product_type.id`, `product_type`.`type` AS `product_type.type`, `product_type`.`cash` AS `product_type.cash`, `product_type`.`use_in_bonus` AS `product_type.use_in_bonus`, `product_type`.`fixed_price` AS `product_type.fixed_price` FROM `product_list` AS `product_list` LEFT OUTER JOIN `product_type` AS `product_type` ON `product_list`.`type` = `product_type`.`id`;
[19:23:22][SQL][VERBOSE] Get data from database
